[0.00000] [Обратите внимание] Язык Български будет игнорирован
[0.00011] [Обратите внимание] Язык Slovenščina будет игнорирован
[0.73052] [Обратите внимание] Создание схемы базы данных
[1.90430] [Обратите внимание] Импорт данных
[2.21994] [Обратите внимание] Создание демо
[2.75584] [Обратите внимание] Установка дополнительного языка en
[3.01669] [Обратите внимание] Установка дополнительного языка en
[3.91509] [Обратите внимание] Установка дополнительного языка da
[4.19861] [Обратите внимание] Установка дополнительного языка da
[5.22907] [Обратите внимание] Установка дополнительного языка de
[5.47046] [Обратите внимание] Установка дополнительного языка de
[6.40260] [Обратите внимание] Установка дополнительного языка es
[6.63478] [Обратите внимание] Установка дополнительного языка es
[7.60201] [Обратите внимание] Установка дополнительного языка fr
[7.85543] [Обратите внимание] Установка дополнительного языка fr
[8.87637] [Обратите внимание] Установка дополнительного языка el
[9.18920] [Обратите внимание] Установка дополнительного языка el
[10.28228] [Обратите внимание] Установка дополнительного языка it
[10.52074] [Обратите внимание] Установка дополнительного языка it
[11.53077] [Обратите внимание] Установка дополнительного языка nl
[11.82775] [Обратите внимание] Установка дополнительного языка nl
[12.86073] [Обратите внимание] Установка дополнительного языка ro
[13.14842] [Обратите внимание] Установка дополнительного языка ro
[14.24344] [Обратите внимание] Установка дополнительного языка ru
[14.53072] [Обратите внимание] Установка дополнительного языка ru
[15.68330] [Missing language pack] Unable to find: /srv/projects/i-sd.ru/public_html/install/database/lang/bg/bg.po (skipped)
[15.68657] [Обратите внимание] Установка дополнительного языка no
[15.95109] [Обратите внимание] Установка дополнительного языка no
[16.98523] [Missing language pack] Unable to find: /srv/projects/i-sd.ru/public_html/install/database/lang/sl/sl.po (skipped)
[40.40845] [Обратите внимание] Установка успешно завершена
[0.00000] [Обратите внимание] Язык Български будет игнорирован
[0.00014] [Обратите внимание] Язык Slovenščina будет игнорирован
[0.70709] [Обратите внимание] Создание схемы базы данных
[1.26708] [Обратите внимание] Импорт данных
[1.58514] [Обратите внимание] Создание демо
[2.11332] [Обратите внимание] Установка дополнительного языка en
[2.37879] [Обратите внимание] Установка дополнительного языка en
[3.30230] [Обратите внимание] Установка дополнительного языка da
[3.56213] [Обратите внимание] Установка дополнительного языка da
[4.58278] [Обратите внимание] Установка дополнительного языка de
[4.83797] [Обратите внимание] Установка дополнительного языка de
[5.89085] [Обратите внимание] Установка дополнительного языка es
[6.15608] [Обратите внимание] Установка дополнительного языка es
[7.19585] [Обратите внимание] Установка дополнительного языка fr
[7.47669] [Обратите внимание] Установка дополнительного языка fr
[8.57207] [Обратите внимание] Установка дополнительного языка el
[8.88463] [Обратите внимание] Установка дополнительного языка el
[9.97783] [Обратите внимание] Установка дополнительного языка it
[10.25445] [Обратите внимание] Установка дополнительного языка it
[11.33144] [Обратите внимание] Установка дополнительного языка nl
[11.60474] [Обратите внимание] Установка дополнительного языка nl
[12.69967] [Обратите внимание] Установка дополнительного языка ro
[13.00578] [Обратите внимание] Установка дополнительного языка ro
[14.10760] [Обратите внимание] Установка дополнительного языка ru
[14.41230] [Обратите внимание] Установка дополнительного языка ru
[15.47622] [Missing language pack] Unable to find: /srv/projects/i-sd.ru/public_html/install/database/lang/bg/bg.po (skipped)
[15.47927] [Обратите внимание] Установка дополнительного языка no
[15.76019] [Обратите внимание] Установка дополнительного языка no
[16.85400] [Missing language pack] Unable to find: /srv/projects/i-sd.ru/public_html/install/database/lang/sl/sl.po (skipped)
[39.77987] [Обратите внимание] Установка успешно завершена
